  ADDR  |  HEX  |      BINARY      |  LN  |  ASSEMBLY
        |       |                  |    1 | .ORIG x0001     
 x0001  | x220D | 0010001000001101 |    2 |         LD R1, n        ; R1 = N
 x0002  | x5020 | 0101000000100000 |    3 |         AND R0, R0, #0  ; R0 = RES
 x0003  | x54A0 | 0101010010100000 |    4 |         AND R2, R2, #0  ; R2 = 0 (a_{n-1})
 x0004  | x16A1 | 0001011010100001 |    5 |         ADD R3, R2, #1  ; R3 = 1 (a_n)
        |       |                  |    6 |         
 x0005  | x4801 | 0100100000000001 |    7 |         JSR FIB
        |       |                  |    8 |         
 x0006  | xF025 | 1111000000100101 |    9 |         HALT
        |       |                  |   10 | 
        |       |                  |   11 | ; Fibonacci Sequence
 x0007  | x0405 | 0000010000000101 |   12 | FIB     BRz DONE        ; 
 x0008  | x18E0 | 0001100011100000 |   13 |         ADD R4, R3, #0  ;
 x0009  | x16C2 | 0001011011000010 |   14 |         ADD R3, R3, R2  ; a_{n+1} = a_n + a_{n-1}
 x000A  | x1520 | 0001010100100000 |   15 |         ADD R2, R4, #0  ; a_{n-1} = a_n
 x000B  | x127F | 0001001001111111 |   16 |         ADD R1, R1, #-1 ; N--
 x000C  | x0FFA | 0000111111111010 |   17 |         BRnzp FIB       ; 
        |       |                  |   18 | 
 x000D  | x10A0 | 0001000010100000 |   19 | DONE    ADD R0, R2, #0  ; Res
 x000E  | xC1C0 | 1100000111000000 |   20 |         RET
        |       |                  |   21 | 
 x000F  | x0005 | 0000000000000101 |   22 | n       .FILL #5        ; Fib(5)
        |       |                  |   23 | .END